#-----------------------------------------------------------
# Vivado v2020.2 (64-bit)
# SW Build 3064766 on Wed Nov 18 09:12:45 MST 2020
# IP Build 3064653 on Wed Nov 18 14:17:31 MST 2020
# Start of session at: Thu Mar 14 19:03:28 2024
# Process ID: 25024
# Current directory: C:/Zedboard_Projects/ZedboardMemristorControl/design/pmod_spi
# Command line: vivado.exe -gui_launcher_event rodinguilauncherevent39408 C:\Zedboard_Projects\ZedboardMemristorControl\design\pmod_spi\pmod_spi.xpr
# Log file: C:/Zedboard_Projects/ZedboardMemristorControl/design/pmod_spi/vivado.log
# Journal file: C:/Zedboard_Projects/ZedboardMemristorControl/design/pmod_spi\vivado.jou
#-----------------------------------------------------------
start_gui
open_project C:/Zedboard_Projects/ZedboardMemristorControl/design/pmod_spi/pmod_spi.xpr
WARNING: [filemgmt 56-3] IP Repository Path: Could not find the directory 'C:/Zedboard_Projects/ZedboardMemristorControl/Downloads/digilentip/ip'.
Scanning sources...
Finished scanning sources
INFO: [IP_Flow 19-234] Refreshing IP repositories
WARNING: [IP_Flow 19-2248] Failed to load user IP repository 'c:/Zedboard_Projects/ZedboardMemristorControl/Downloads/digilentip/ip'; Can't find the specified path.
If this directory should no longer be in your list of user repositories, go to the IP Settings dialog and remove it.
INFO: [IP_Flow 19-2313] Loaded Vivado IP repository 'C:/Xilinx/Vivado/2020.2/data/ip'.
open_project: Time (s): cpu = 00:00:04 ; elapsed = 00:00:15 . Memory (MB): peak = 1137.125 ; gain = 0.000
update_compile_order -fileset sources_1
open_bd_design {C:/Zedboard_Projects/ZedboardMemristorControl/design/pmod_spi/pmod_spi.srcs/sources_1/bd/design_1/design_1.bd}
Reading block design file <C:/Zedboard_Projects/ZedboardMemristorControl/design/pmod_spi/pmod_spi.srcs/sources_1/bd/design_1/design_1.bd>...
Adding component instance block -- xilinx.com:ip:processing_system7:5.5 - processing_system7_0
Adding component instance block -- xilinx.com:ip:axi_quad_spi:3.2 - DA4_SPI
Adding component instance block -- xilinx.com:ip:axi_interconnect:2.1 - ps7_0_axi_periph
Adding component instance block -- xilinx.com:ip:axi_crossbar:2.1 - xbar
Adding component instance block -- xilinx.com:ip:axi_protocol_converter:2.1 - auto_pc
Adding component instance block -- xilinx.com:ip:proc_sys_reset:5.0 - rst_ps7_0_100M
Adding component instance block -- xilinx.com:ip:axi_gpio:2.0 - CTRL_WEST
Adding component instance block -- xilinx.com:ip:axi_gpio:2.0 - CTRL_NORTH
Adding component instance block -- xilinx.com:ip:axi_gpio:2.0 - ADC_1
Adding component instance block -- xilinx.com:ip:axi_gpio:2.0 - ADC_2
Adding component instance block -- xilinx.com:ip:axi_gpio:2.0 - ADC_3
Adding component instance block -- xilinx.com:ip:axi_gpio:2.0 - ADC_4
Adding component instance block -- xilinx.com:ip:axi_gpio:2.0 - SYNC
Adding component instance block -- xilinx.com:ip:oddr:1.0 - oddr_0
Successfully read diagram <design_1> from block design file <C:/Zedboard_Projects/ZedboardMemristorControl/design/pmod_spi/pmod_spi.srcs/sources_1/bd/design_1/design_1.bd>
open_bd_design: Time (s): cpu = 00:00:07 ; elapsed = 00:00:13 . Memory (MB): peak = 1270.766 ; gain = 133.641
INFO: [Ipptcl 7-1463] No Compatible Board Interface found. Board Tab not created in customize GUI
update_gui_for_PARAM_VALUE.C_XIP_MODE- xip_mode: 0 spi_mode: 0 xip_perf_mode: 1
update_gui_for_PARAM_VALUE.C_XIP_PERF_MODE- xip_mode: 0 xip_perf_mode: 1 axi4_interface: 0
exit
INFO: [Common 17-206] Exiting Vivado at Thu Mar 14 21:46:12 2024...
