#-----------------------------------------------------------
# Vivado v2020.2 (64-bit)
# SW Build 3064766 on Wed Nov 18 09:12:45 MST 2020
# IP Build 3064653 on Wed Nov 18 14:17:31 MST 2020
# Start of session at: Fri Mar 22 16:23:02 2024
# Process ID: 33672
# Current directory: C:/Zedboard_Projects/ZedboardMemristorControl/design/pmod_spi
# Command line: vivado.exe -gui_launcher_event rodinguilauncherevent42080 C:\Zedboard_Projects\ZedboardMemristorControl\design\pmod_spi\pmod_spi.xpr
# Log file: C:/Zedboard_Projects/ZedboardMemristorControl/design/pmod_spi/vivado.log
# Journal file: C:/Zedboard_Projects/ZedboardMemristorControl/design/pmod_spi\vivado.jou
#-----------------------------------------------------------
start_gui
open_project C:/Zedboard_Projects/ZedboardMemristorControl/design/pmod_spi/pmod_spi.xpr
WARNING: [filemgmt 56-3] IP Repository Path: Could not find the directory 'C:/Zedboard_Projects/ZedboardMemristorControl/Downloads/digilentip/ip'.
Scanning sources...
Finished scanning sources
INFO: [IP_Flow 19-234] Refreshing IP repositories
WARNING: [IP_Flow 19-2248] Failed to load user IP repository 'c:/Zedboard_Projects/ZedboardMemristorControl/Downloads/digilentip/ip'; Can't find the specified path.
If this directory should no longer be in your list of user repositories, go to the IP Settings dialog and remove it.
INFO: [IP_Flow 19-2313] Loaded Vivado IP repository 'C:/Xilinx/Vivado/2020.2/data/ip'.
open_project: Time (s): cpu = 00:00:04 ; elapsed = 00:00:11 . Memory (MB): peak = 1161.664 ; gain = 0.000
update_compile_order -fileset sources_1
file copy -force C:/Zedboard_Projects/ZedboardMemristorControl/design/pmod_spi/pmod_spi.runs/impl_1/design_1_wrapper.bit C:/Zedboard_Projects/ZedboardMemristorControl/design/pmod_spi/design_1.bit
exit
INFO: [Common 17-206] Exiting Vivado at Fri Mar 22 16:41:56 2024...
