Copyright 1986-2020 Xilinx, Inc. All Rights Reserved.
--------------------------------------------------------------------------------------------------------------------------------------------------------------------------------------
| Tool Version : Vivado v.2020.2 (win64) Build 3064766 Wed Nov 18 09:12:45 MST 2020
| Date         : Tue Feb 13 14:13:33 2024
| Host         : LAPTOP-J0FVCJLM running 64-bit major release  (build 9200)
| Command      : report_methodology -file design_1_wrapper_methodology_drc_routed.rpt -pb design_1_wrapper_methodology_drc_routed.pb -rpx design_1_wrapper_methodology_drc_routed.rpx
| Design       : design_1_wrapper
| Device       : xc7z020clg484-1
| Speed File   : -1
| Design State : Fully Routed
--------------------------------------------------------------------------------------------------------------------------------------------------------------------------------------

Report Methodology

Table of Contents
-----------------
1. REPORT SUMMARY
2. REPORT DETAILS

1. REPORT SUMMARY
-----------------
            Netlist: netlist
          Floorplan: design_1
      Design limits: <entire design considered>
             Max violations: <unlimited>
             Violations found: 60
+-----------+----------+-------------------------------------------------+------------+
| Rule      | Severity | Description                                     | Violations |
+-----------+----------+-------------------------------------------------+------------+
| PDRC-190  | Warning  | Suboptimally placed synchronized register chain | 1          |
| TIMING-18 | Warning  | Missing input or output delay                   | 59         |
+-----------+----------+-------------------------------------------------+------------+

2. REPORT DETAILS
-----------------
PDRC-190#1 Warning
Suboptimally placed synchronized register chain  
The FDRE cell design_1_i/axi_quad_spi_0/U0/NO_DUAL_QUAD_MODE.QSPI_NORMAL/QSPI_LEGACY_MD_GEN.QSPI_CORE_INTERFACE_I/FIFO_EXISTS.CLK_CROSS_I/LOGIC_GENERATION_CDC.RX_FIFO_RST_AX2S_1/GENERATE_LEVEL_P_S_CDC.SINGLE_BIT.CROSS_PLEVEL_IN2SCNDRY_IN_cdc_to in site SLICE_X44Y89 is part of a synchronized register chain that is suboptimally placed as the load FDRE cell design_1_i/axi_quad_spi_0/U0/NO_DUAL_QUAD_MODE.QSPI_NORMAL/QSPI_LEGACY_MD_GEN.QSPI_CORE_INTERFACE_I/FIFO_EXISTS.CLK_CROSS_I/LOGIC_GENERATION_CDC.RX_FIFO_RST_AX2S_1_CDC_1 is not placed in the same (SLICE) site.
Related violations: <none>

TIMING-18#1 Warning
Missing input or output delay  
An input delay is missing on ex_ADC_1[0] relative to clock(s) clk_fpga_0
Related violations: <none>

TIMING-18#2 Warning
Missing input or output delay  
An input delay is missing on ex_ADC_1[10] relative to clock(s) clk_fpga_0
Related violations: <none>

TIMING-18#3 Warning
Missing input or output delay  
An input delay is missing on ex_ADC_1[11] relative to clock(s) clk_fpga_0
Related violations: <none>

TIMING-18#4 Warning
Missing input or output delay  
An input delay is missing on ex_ADC_1[1] relative to clock(s) clk_fpga_0
Related violations: <none>

TIMING-18#5 Warning
Missing input or output delay  
An input delay is missing on ex_ADC_1[2] relative to clock(s) clk_fpga_0
Related violations: <none>

TIMING-18#6 Warning
Missing input or output delay  
An input delay is missing on ex_ADC_1[3] relative to clock(s) clk_fpga_0
Related violations: <none>

TIMING-18#7 Warning
Missing input or output delay  
An input delay is missing on ex_ADC_1[4] relative to clock(s) clk_fpga_0
Related violations: <none>

TIMING-18#8 Warning
Missing input or output delay  
An input delay is missing on ex_ADC_1[5] relative to clock(s) clk_fpga_0
Related violations: <none>

TIMING-18#9 Warning
Missing input or output delay  
An input delay is missing on ex_ADC_1[6] relative to clock(s) clk_fpga_0
Related violations: <none>

TIMING-18#10 Warning
Missing input or output delay  
An input delay is missing on ex_ADC_1[7] relative to clock(s) clk_fpga_0
Related violations: <none>

TIMING-18#11 Warning
Missing input or output delay  
An input delay is missing on ex_ADC_1[8] relative to clock(s) clk_fpga_0
Related violations: <none>

TIMING-18#12 Warning
Missing input or output delay  
An input delay is missing on ex_ADC_1[9] relative to clock(s) clk_fpga_0
Related violations: <none>

TIMING-18#13 Warning
Missing input or output delay  
An input delay is missing on ex_ADC_2[0] relative to clock(s) clk_fpga_0
Related violations: <none>

TIMING-18#14 Warning
Missing input or output delay  
An input delay is missing on ex_ADC_2[10] relative to clock(s) clk_fpga_0
Related violations: <none>

TIMING-18#15 Warning
Missing input or output delay  
An input delay is missing on ex_ADC_2[11] relative to clock(s) clk_fpga_0
Related violations: <none>

TIMING-18#16 Warning
Missing input or output delay  
An input delay is missing on ex_ADC_2[1] relative to clock(s) clk_fpga_0
Related violations: <none>

TIMING-18#17 Warning
Missing input or output delay  
An input delay is missing on ex_ADC_2[2] relative to clock(s) clk_fpga_0
Related violations: <none>

TIMING-18#18 Warning
Missing input or output delay  
An input delay is missing on ex_ADC_2[3] relative to clock(s) clk_fpga_0
Related violations: <none>

TIMING-18#19 Warning
Missing input or output delay  
An input delay is missing on ex_ADC_2[4] relative to clock(s) clk_fpga_0
Related violations: <none>

TIMING-18#20 Warning
Missing input or output delay  
An input delay is missing on ex_ADC_2[5] relative to clock(s) clk_fpga_0
Related violations: <none>

TIMING-18#21 Warning
Missing input or output delay  
An input delay is missing on ex_ADC_2[6] relative to clock(s) clk_fpga_0
Related violations: <none>

TIMING-18#22 Warning
Missing input or output delay  
An input delay is missing on ex_ADC_2[7] relative to clock(s) clk_fpga_0
Related violations: <none>

TIMING-18#23 Warning
Missing input or output delay  
An input delay is missing on ex_ADC_2[8] relative to clock(s) clk_fpga_0
Related violations: <none>

TIMING-18#24 Warning
Missing input or output delay  
An input delay is missing on ex_ADC_2[9] relative to clock(s) clk_fpga_0
Related violations: <none>

TIMING-18#25 Warning
Missing input or output delay  
An input delay is missing on ex_ADC_3[0] relative to clock(s) clk_fpga_0
Related violations: <none>

TIMING-18#26 Warning
Missing input or output delay  
An input delay is missing on ex_ADC_3[10] relative to clock(s) clk_fpga_0
Related violations: <none>

TIMING-18#27 Warning
Missing input or output delay  
An input delay is missing on ex_ADC_3[11] relative to clock(s) clk_fpga_0
Related violations: <none>

TIMING-18#28 Warning
Missing input or output delay  
An input delay is missing on ex_ADC_3[1] relative to clock(s) clk_fpga_0
Related violations: <none>

TIMING-18#29 Warning
Missing input or output delay  
An input delay is missing on ex_ADC_3[2] relative to clock(s) clk_fpga_0
Related violations: <none>

TIMING-18#30 Warning
Missing input or output delay  
An input delay is missing on ex_ADC_3[3] relative to clock(s) clk_fpga_0
Related violations: <none>

TIMING-18#31 Warning
Missing input or output delay  
An input delay is missing on ex_ADC_3[4] relative to clock(s) clk_fpga_0
Related violations: <none>

TIMING-18#32 Warning
Missing input or output delay  
An input delay is missing on ex_ADC_3[5] relative to clock(s) clk_fpga_0
Related violations: <none>

TIMING-18#33 Warning
Missing input or output delay  
An input delay is missing on ex_ADC_3[6] relative to clock(s) clk_fpga_0
Related violations: <none>

TIMING-18#34 Warning
Missing input or output delay  
An input delay is missing on ex_ADC_3[7] relative to clock(s) clk_fpga_0
Related violations: <none>

TIMING-18#35 Warning
Missing input or output delay  
An input delay is missing on ex_ADC_3[8] relative to clock(s) clk_fpga_0
Related violations: <none>

TIMING-18#36 Warning
Missing input or output delay  
An input delay is missing on ex_ADC_3[9] relative to clock(s) clk_fpga_0
Related violations: <none>

TIMING-18#37 Warning
Missing input or output delay  
An input delay is missing on ex_ADC_4[0] relative to clock(s) clk_fpga_0
Related violations: <none>

TIMING-18#38 Warning
Missing input or output delay  
An input delay is missing on ex_ADC_4[10] relative to clock(s) clk_fpga_0
Related violations: <none>

TIMING-18#39 Warning
Missing input or output delay  
An input delay is missing on ex_ADC_4[11] relative to clock(s) clk_fpga_0
Related violations: <none>

TIMING-18#40 Warning
Missing input or output delay  
An input delay is missing on ex_ADC_4[1] relative to clock(s) clk_fpga_0
Related violations: <none>

TIMING-18#41 Warning
Missing input or output delay  
An input delay is missing on ex_ADC_4[2] relative to clock(s) clk_fpga_0
Related violations: <none>

TIMING-18#42 Warning
Missing input or output delay  
An input delay is missing on ex_ADC_4[3] relative to clock(s) clk_fpga_0
Related violations: <none>

TIMING-18#43 Warning
Missing input or output delay  
An input delay is missing on ex_ADC_4[4] relative to clock(s) clk_fpga_0
Related violations: <none>

TIMING-18#44 Warning
Missing input or output delay  
An input delay is missing on ex_ADC_4[5] relative to clock(s) clk_fpga_0
Related violations: <none>

TIMING-18#45 Warning
Missing input or output delay  
An input delay is missing on ex_ADC_4[6] relative to clock(s) clk_fpga_0
Related violations: <none>

TIMING-18#46 Warning
Missing input or output delay  
An input delay is missing on ex_ADC_4[7] relative to clock(s) clk_fpga_0
Related violations: <none>

TIMING-18#47 Warning
Missing input or output delay  
An input delay is missing on ex_ADC_4[8] relative to clock(s) clk_fpga_0
Related violations: <none>

TIMING-18#48 Warning
Missing input or output delay  
An input delay is missing on ex_ADC_4[9] relative to clock(s) clk_fpga_0
Related violations: <none>

TIMING-18#49 Warning
Missing input or output delay  
An output delay is missing on ex_CTRL_NORTH[0] relative to clock(s) clk_fpga_0
Related violations: <none>

TIMING-18#50 Warning
Missing input or output delay  
An output delay is missing on ex_CTRL_NORTH[1] relative to clock(s) clk_fpga_0
Related violations: <none>

TIMING-18#51 Warning
Missing input or output delay  
An output delay is missing on ex_CTRL_NORTH[2] relative to clock(s) clk_fpga_0
Related violations: <none>

TIMING-18#52 Warning
Missing input or output delay  
An output delay is missing on ex_CTRL_NORTH[3] relative to clock(s) clk_fpga_0
Related violations: <none>

TIMING-18#53 Warning
Missing input or output delay  
An output delay is missing on ex_CTRL_WEST[0] relative to clock(s) clk_fpga_0
Related violations: <none>

TIMING-18#54 Warning
Missing input or output delay  
An output delay is missing on ex_CTRL_WEST[1] relative to clock(s) clk_fpga_0
Related violations: <none>

TIMING-18#55 Warning
Missing input or output delay  
An output delay is missing on ex_CTRL_WEST[2] relative to clock(s) clk_fpga_0
Related violations: <none>

TIMING-18#56 Warning
Missing input or output delay  
An output delay is missing on ex_CTRL_WEST[3] relative to clock(s) clk_fpga_0
Related violations: <none>

TIMING-18#57 Warning
Missing input or output delay  
An output delay is missing on mosi relative to clock(s) clk_fpga_1
Related violations: <none>

TIMING-18#58 Warning
Missing input or output delay  
An output delay is missing on sclk relative to clock(s) clk_fpga_1
Related violations: <none>

TIMING-18#59 Warning
Missing input or output delay  
An output delay is missing on sync[0] relative to clock(s) clk_fpga_0
Related violations: <none>


